<!--

EMPLOYEE


MAU@CODISH MINGW64 ~/ONEDRIVE/DESKTOP/BOOTCAMP/CHALLENGES/TEAM-PROFILE-GENERATOR (MAIN)
$ NPM RUN TEST
NPM WARN CONFIG GLOBAL `--GLOBAL`, `--LOCAL` ARE DEPRECATED. USE `--LOCATION=GLOBAL` INSTEAD.

FAIL
> TEAM-PROFILE-GENERATOR@1.0.0 TEST
> JEST


      AT OBJECT.<ANONYMOUS> (DEVELOP/__TESTS__/EMPLOYEE.TEST.JS:4:13)

TEST SUITES: 1 FAILED, 1 TOTAL                                                                                                                                              
TESTS:       1 FAILED, 1 TOTAL                                                                                                                                              
SNAPSHOTS:   0 TOTAL
TIME:        0.571 S, ESTIMATED 1 S
RAN ALL TEST SUITES.

MAU@CODISH MINGW64 ~/ONEDRIVE/DESKTOP/BOOTCAMP/CHALLENGES/TEAM-PROFILE-GENERATOR (MAIN)


PASS
PASS  DEVELOP/__TESTS__/EMPLOYEE.TEST.JS
  √ CAN INSTANTIATE EMPLOYEE INSTANCE (2 MS)

TEST SUITES: 1 PASSED, 1 TOTAL                                                                                                                                              
TESTS:       1 PASSED, 1 TOTAL                                                                                                                                              
SNAPSHOTS:   0 TOTAL
TIME:        0.522 S, ESTIMATED 1 S
RAN ALL TEST SUITES.


MANAGER

FAIL

      AT OBJECT.<ANONYMOUS> (DEVELOP/__TESTS__/MANAGER.TEST.JS:18:13)

TEST SUITES: 1 FAILED, 1 TOTAL                                                                                                                                              
TESTS:       3 FAILED, 3 TOTAL              
                                                                                                                                
SNAPSHOTS:   0 TOTAL
TIME:        0.573 S, ESTIMATED 1 S
RAN ALL TEST SUITES MATCHING /MANAGER/I.

PASS


> TEAM-PROFILE-GENERATOR@1.0.0 TEST
> JEST "MANAGER"

 PASS  DEVELOP/__TESTS__/MANAGER.TEST.JS
  √ CAN SET OFFICE NUMBER VIA CONSTRUCTOR ARGUMENT (1 MS)
  √ GETROLE() SHOULD RETURN "MANAGER"                                                                                                                                       
  √ CAN GET OFFICE NUMBER VIA GETOFFICE()                                                                                                                                   
                                                                                                                                                                            
TEST SUITES: 1 PASSED, 1 TOTAL                                                                                                                                              
TESTS:       3 PASSED, 3 TOTAL                                                                                                                                              
SNAPSHOTS:   0 TOTAL
TIME:        0.518 S
RAN ALL TEST SUITES MATCHING /MANAGER/I.




$


ENGINEER
FAIL
> TEAM-PROFILE-GENERATOR@1.0.0 TEST
> JEST "ENGINEER"

      AT OBJECT.<ANONYMOUS> (DEVELOP/__TESTS__/ENGINEER.TEST.JS:16:15)

TEST SUITES: 1 FAILED, 1 TOTAL
TESTS:       3 FAILED, 3 TOTAL
SNAPSHOTS:   0 TOTAL
TIME:        0.599 S, ESTIMATED 1 S
RAN ALL TEST SUITES MATCHING /ENGINEER/I.

PASS

> TEAM-PROFILE-GENERATOR@1.0.0 TEST
> JEST "ENGINEER"

 PASS  DEVELOP/__TESTS__/ENGINEER.TEST.JS
  √ CAN SET GITHUB ACCOUNT VIA CONSTRUCTOR (2 MS)
  √ GETROLE() SHOULD RETURN "ENGINEER"
  √ CAN GET GITHUB USERNAME VIA GETGITHUB() (1 MS)

TEST SUITES: 1 PASSED, 1 TOTAL                                                                                                                                                   
TESTS:       3 PASSED, 3 TOTAL                                                                                                                                                   
SNAPSHOTS:   0 TOTAL
TIME:        0.541 S, ESTIMATED 1 S
RAN ALL TEST SUITES MATCHING /ENGINEER/I



INTERN
FAILED

      AT OBJECT.<ANONYMOUS> (DEVELOP/__TESTS__/INTERN.TEST.JS:17:13)

TEST SUITES: 1 FAILED, 3 PASSED, 4 TOTAL
TESTS:       3 FAILED, 14 PASSED, 17 TOTAL
SNAPSHOTS:   0 TOTAL
TIME:        1.306 S

FAILED

PASS

> TEAM-PROFILE-GENERATOR@1.0.0 TEST
> JEST

 PASS  DEVELOP/__TESTS__/INTERN.TEST.JS
 PASS  DEVELOP/__TESTS__/MANAGER.TEST.JS
 PASS  DEVELOP/__TESTS__/ENGINEER.TEST.JS
 PASS  DEVELOP/__TESTS__/EMPLOYEE.TEST.JS
                                                                                                                                                                
TEST SUITES: 4 PASSED, 4 TOTAL                                                                                                                                  
TESTS:       17 PASSED, 17 TOTAL
SNAPSHOTS:   0 TOTAL
TIME:        1.132 S
RAN ALL TEST SUITES.












-->